
> amigo-invisible@0.0.1 start /home/kako/dev/projects/amigo-invisible
> node service/server.js

Database ready...
events.js:160
      throw er; // Unhandled 'error' event
      ^

Error: listen EADDRINUSE :::3000
    at Object.exports._errnoException (util.js:1022:11)
    at exports._exceptionWithHostPort (util.js:1045:20)
    at Server._listen2 (net.js:1262:14)
    at listen (net.js:1298:10)
    at Server.listen (net.js:1376:9)
    at Function.listen (/home/kako/dev/projects/amigo-invisible/node_modules/express/lib/application.js:617:24)
    at /home/kako/dev/projects/amigo-invisible/service/server.js:24:9
    at tryCatcher (/home/kako/dev/projects/amigo-invisible/node_modules/bluebird/js/release/util.js:16:23)
    at Promise._settlePromiseFromHandler (/home/kako/dev/projects/amigo-invisible/node_modules/bluebird/js/release/promise.js:510:31)
    at Promise._settlePromise (/home/kako/dev/projects/amigo-invisible/node_modules/bluebird/js/release/promise.js:567:18)
    at Promise._settlePromise0 (/home/kako/dev/projects/amigo-invisible/node_modules/bluebird/js/release/promise.js:612:10)
    at Promise._settlePromises (/home/kako/dev/projects/amigo-invisible/node_modules/bluebird/js/release/promise.js:691:18)
    at Async._drainQueue (/home/kako/dev/projects/amigo-invisible/node_modules/bluebird/js/release/async.js:138:16)
    at Async._drainQueues (/home/kako/dev/projects/amigo-invisible/node_modules/bluebird/js/release/async.js:148:10)
    at Immediate.Async.drainQueues (/home/kako/dev/projects/amigo-invisible/node_modules/bluebird/js/release/async.js:17:14)
    at runCallback (timers.js:649:20)

npm ERR! Linux 4.8.12-3-ARCH
npm ERR! argv "/usr/bin/node" "/usr/bin/npm" "start"
npm ERR! node v7.2.1
npm ERR! npm  v4.0.3
npm ERR! code ELIFECYCLE
npm ERR! amigo-invisible@0.0.1 start: `node service/server.js`
npm ERR! Exit status 1
npm ERR! 
npm ERR! Failed at the amigo-invisible@0.0.1 start script 'node service/server.js'.
npm ERR! Make sure you have the latest version of node.js and npm installed.
npm ERR! If you do, this is most likely a problem with the amigo-invisible package,
npm ERR! not with npm itself.
npm ERR! Tell the author that this fails on your system:
npm ERR!     node service/server.js
npm ERR! You can get information on how to open an issue for this project with:
npm ERR!     npm bugs amigo-invisible
npm ERR! Or if that isn't available, you can get their info via:
npm ERR!     npm owner ls amigo-invisible
npm ERR! There is likely additional logging output above.

npm ERR! Please include the following file with any support request:
npm ERR!     /home/kako/dev/projects/amigo-invisible/npm-debug.log
Database ready...
Listening on port 3000!
Executing (default): SELECT `id`, `username`, `password` FROM `users` AS `user`;
Database ready...
Listening on port 3000!
Executing (default): SELECT `id`, `username`, `password` FROM `users` AS `user`;
Executing (default): SELECT `id`, `username`, `password` FROM `users` AS `user`;
